0 info it worked if it ends with ok
1 verbose cli [ 'node', '/usr/local/bin/npm', 'start' ]
2 info using npm@2.13.3
3 info using node@v0.12.7
4 verbose run-script [ 'prestart', 'start', 'poststart' ]
5 info prestart AllCollar@0.0.1
6 info start AllCollar@0.0.1
7 verbose unsafe-perm in lifecycle true
8 info AllCollar@0.0.1 Failed to exec start script
9 verbose stack Error: AllCollar@0.0.1 start: `node ./bin/www`
9 verbose stack Exit status 1
9 verbose stack     at EventEmitter.<anonymous> (/usr/local/lib/node_modules/npm/lib/utils/lifecycle.js:214:16)
9 verbose stack     at EventEmitter.emit (events.js:110:17)
9 verbose stack     at ChildProcess.<anonymous> (/usr/local/lib/node_modules/npm/lib/utils/spawn.js:24:14)
9 verbose stack     at ChildProcess.emit (events.js:110:17)
9 verbose stack     at maybeClose (child_process.js:1015:16)
9 verbose stack     at Process.ChildProcess._handle.onexit (child_process.js:1087:5)
10 verbose pkgid AllCollar@0.0.1
11 verbose cwd /home/alda/Dropbox/Assignments/Summer 2015/CSC309/a3/AllCollar
12 error Linux 3.13.0-37-generic
13 error argv "node" "/usr/local/bin/npm" "start"
14 error node v0.12.7
15 error npm  v2.13.3
16 error code ELIFECYCLE
17 error AllCollar@0.0.1 start: `node ./bin/www`
17 error Exit status 1
18 error Failed at the AllCollar@0.0.1 start script 'node ./bin/www'.
18 error This is most likely a problem with the AllCollar package,
18 error not with npm itself.
18 error Tell the author that this fails on your system:
18 error     node ./bin/www
18 error You can get their info via:
18 error     npm owner ls AllCollar
18 error There is likely additional logging output above.
19 verbose exit [ 1, true ]
